<?xml version="1.0" encoding="UTF-8"?>
<testsuite name="com.company.cardatabase.CarRestTest" tests="1" skipped="0" failures="0" errors="0" timestamp="2025-02-10T14:47:24" hostname="DESKTOP-QLK8DIJ" time="0.472">
  <properties/>
  <testcase name="testAuthentication()" classname="com.company.cardatabase.CarRestTest" time="0.472"/>
  <system-out><![CDATA[23:47:20.331 [Test worker] INFO org.springframework.test.context.support.AnnotationConfigContextLoaderUtils -- Could not detect default configuration classes for test class [com.company.cardatabase.CarRestTest]: CarRestTest does not declare any static, non-private, non-final, nested classes annotated with @Configuration.
23:47:20.396 [Test worker] INFO org.springframework.boot.test.context.SpringBootTestContextBootstrapper -- Found @SpringBootConfiguration com.company.cardatabase.CardatabaseApplication for test class com.company.cardatabase.CarRestTest
2025-02-10T23:47:20.646+09:00  INFO 3924 --- [cardatabase] [    Test worker] com.company.cardatabase.CarRestTest      : Starting CarRestTest using Java 17.0.0.1 with PID 3924 (started by kfreeman in D:\kjw_data\sbt_data\cardatabase)
2025-02-10T23:47:20.647+09:00  INFO 3924 --- [cardatabase] [    Test worker] com.company.cardatabase.CarRestTest      : No active profile set, falling back to 1 default profile: "default"
2025-02-10T23:47:21.165+09:00  INFO 3924 --- [cardatabase] [    Test worker] .s.d.r.c.RepositoryConfigurationDelegate : Bootstrapping Spring Data JPA repositories in DEFAULT mode.
2025-02-10T23:47:21.211+09:00  INFO 3924 --- [cardatabase] [    Test worker] .s.d.r.c.RepositoryConfigurationDelegate : Finished Spring Data repository scanning in 35 ms. Found 3 JPA repository interfaces.
2025-02-10T23:47:21.611+09:00  INFO 3924 --- [cardatabase] [    Test worker] o.hibernate.jpa.internal.util.LogHelper  : HHH000204: Processing PersistenceUnitInfo [name: default]
2025-02-10T23:47:21.672+09:00  INFO 3924 --- [cardatabase] [    Test worker] org.hibernate.Version                    : HHH000412: Hibernate ORM core version 6.6.5.Final
2025-02-10T23:47:21.708+09:00  INFO 3924 --- [cardatabase] [    Test worker] o.h.c.internal.RegionFactoryInitiator    : HHH000026: Second-level cache disabled
2025-02-10T23:47:21.949+09:00  INFO 3924 --- [cardatabase] [    Test worker] o.s.o.j.p.SpringPersistenceUnitInfo      : No LoadTimeWeaver setup: ignoring JPA class transformer
2025-02-10T23:47:21.974+09:00  INFO 3924 --- [cardatabase] [    Test worker] com.zaxxer.hikari.HikariDataSource       : HikariPool-1 - Starting...
2025-02-10T23:47:22.167+09:00  INFO 3924 --- [cardatabase] [    Test worker] com.zaxxer.hikari.pool.HikariPool        : HikariPool-1 - Added connection com.mysql.cj.jdbc.ConnectionImpl@44f23927
2025-02-10T23:47:22.168+09:00  INFO 3924 --- [cardatabase] [    Test worker] com.zaxxer.hikari.HikariDataSource       : HikariPool-1 - Start completed.
2025-02-10T23:47:22.222+09:00  INFO 3924 --- [cardatabase] [    Test worker] org.hibernate.orm.connections.pooling    : HHH10001005: Database info:
	Database JDBC URL [Connecting through datasource 'HikariDataSource (HikariPool-1)']
	Database driver: undefined/unknown
	Database version: 8.0.40
	Autocommit mode: undefined/unknown
	Isolation level: undefined/unknown
	Minimum pool size: undefined/unknown
	Maximum pool size: undefined/unknown
2025-02-10T23:47:22.751+09:00  INFO 3924 --- [cardatabase] [    Test worker] o.h.e.t.j.p.i.JtaPlatformInitiator       : HHH000489: No JTA platform available (set 'hibernate.transaction.jta.platform' to enable JTA platform integration)
Hibernate: 
    alter table car 
       drop 
       foreign key FK2mqqwvxtowv4vddvtsmvtiqa2
Hibernate: 
    drop table if exists app_user
Hibernate: 
    drop table if exists car
Hibernate: 
    drop table if exists owner
Hibernate: 
    create table app_user (
        id bigint not null auto_increment,
        password varchar(255) not null,
        role varchar(255) not null,
        username varchar(255) not null,
        primary key (id)
    ) engine=InnoDB
Hibernate: 
    create table car (
        mode_year integer not null,
        price integer not null,
        id bigint not null auto_increment,
        owner bigint,
        brand varchar(255),
        color varchar(255),
        model varchar(255),
        registration_number varchar(255),
        primary key (id)
    ) engine=InnoDB
Hibernate: 
    create table owner (
        ownerid bigint not null auto_increment,
        firstname varchar(255),
        lastname varchar(255),
        primary key (ownerid)
    ) engine=InnoDB
Hibernate: 
    alter table app_user 
       add constraint UK3k4cplvh82srueuttfkwnylq0 unique (username)
Hibernate: 
    alter table car 
       add constraint FK2mqqwvxtowv4vddvtsmvtiqa2 
       foreign key (owner) 
       references owner (ownerid)
2025-02-10T23:47:22.861+09:00  INFO 3924 --- [cardatabase] [    Test worker] j.LocalContainerEntityManagerFactoryBean : Initialized JPA EntityManagerFactory for persistence unit 'default'
2025-02-10T23:47:23.132+09:00  INFO 3924 --- [cardatabase] [    Test worker] r$InitializeUserDetailsManagerConfigurer : Global AuthenticationManager configured with UserDetailsService bean with name userDetailsServiceImpl
2025-02-10T23:47:23.234+09:00  WARN 3924 --- [cardatabase] [    Test worker] JpaBaseConfiguration$JpaWebConfiguration : spring.jpa.open-in-view is enabled by default. Therefore, database queries may be performed during view rendering. Explicitly configure spring.jpa.open-in-view to disable this warning
2025-02-10T23:47:23.740+09:00  INFO 3924 --- [cardatabase] [    Test worker] o.s.v.b.OptionalValidatorFactoryBean     : Failed to set up a Bean Validation provider: jakarta.validation.NoProviderFoundException: Unable to create a Configuration, because no Jakarta Bean Validation provider could be found. Add a provider like Hibernate Validator (RI) to your classpath.
2025-02-10T23:47:23.926+09:00  INFO 3924 --- [cardatabase] [    Test worker] o.s.b.t.m.w.SpringBootMockServletContext : Initializing Spring TestDispatcherServlet ''
2025-02-10T23:47:23.926+09:00  INFO 3924 --- [cardatabase] [    Test worker] o.s.t.web.servlet.TestDispatcherServlet  : Initializing Servlet ''
2025-02-10T23:47:23.927+09:00  INFO 3924 --- [cardatabase] [    Test worker] o.s.t.web.servlet.TestDispatcherServlet  : Completed initialization in 1 ms
2025-02-10T23:47:23.946+09:00  INFO 3924 --- [cardatabase] [    Test worker] com.company.cardatabase.CarRestTest      : Started CarRestTest in 3.471 seconds (process running for 4.146)
Hibernate: 
    insert 
    into
        owner
        (firstname, lastname) 
    values
        (?, ?)
Hibernate: 
    insert 
    into
        owner
        (firstname, lastname) 
    values
        (?, ?)
Hibernate: 
    insert 
    into
        car
        (mode_year, brand, color, model, owner, price, registration_number) 
    values
        (?, ?, ?, ?, ?, ?, ?)
Hibernate: 
    insert 
    into
        car
        (mode_year, brand, color, model, owner, price, registration_number) 
    values
        (?, ?, ?, ?, ?, ?, ?)
Hibernate: 
    insert 
    into
        car
        (mode_year, brand, color, model, owner, price, registration_number) 
    values
        (?, ?, ?, ?, ?, ?, ?)
Hibernate: 
    select
        c1_0.id,
        c1_0.mode_year,
        c1_0.brand,
        c1_0.color,
        c1_0.model,
        c1_0.owner,
        c1_0.price,
        c1_0.registration_number 
    from
        car c1_0
2025-02-10T23:47:24.057+09:00  INFO 3924 --- [cardatabase] [    Test worker] c.c.cardatabase.CardatabaseApplication   : brand: Ford, model Mustang
2025-02-10T23:47:24.057+09:00  INFO 3924 --- [cardatabase] [    Test worker] c.c.cardatabase.CardatabaseApplication   : brand: Nissan, model Leaf
2025-02-10T23:47:24.057+09:00  INFO 3924 --- [cardatabase] [    Test worker] c.c.cardatabase.CardatabaseApplication   : brand: Toyota, model Prius
Hibernate: 
    insert 
    into
        app_user
        (password, role, username) 
    values
        (?, ?, ?)
Hibernate: 
    insert 
    into
        app_user
        (password, role, username) 
    values
        (?, ?, ?)
Hibernate: 
    select
        au1_0.id,
        au1_0.password,
        au1_0.role,
        au1_0.username 
    from
        app_user au1_0 
    where
        au1_0.username=?

MockHttpServletRequest:
      HTTP Method = POST
      Request URI = /login
       Parameters = {}
          Headers = [Content-Type:"application/json;charset=UTF-8", Content-Length:"39"]
             Body = {"username":"admin","password":"admin"}
    Session Attrs = {}

Handler:
             Type = com.company.cardatabase.web.LoginController
           Method = com.company.cardatabase.web.LoginController#getToken(AccountCredentials)

Async:
    Async started = false
     Async result = null

Resolved Exception:
             Type = null

ModelAndView:
        View name = null
             View = null
            Model = null

FlashMap:
       Attributes = null

MockHttpServletResponse:
           Status = 200
    Error message = null
          Headers = [Vary:"Origin", "Access-Control-Request-Method", "Access-Control-Request-Headers", Authorization:"Bearer eyJhbGciOiJIUzI1NiJ9.eyJzdWIiOiJhZG1pbiIsImV4cCI6MTczOTI4NTI0NH0.506A5thDEF6ePZKTPgIlT3dgaAx0zz5jepXmOR8ui8U", Access-Control-Expose-Headers:"Authorization", X-Content-Type-Options:"nosniff", X-XSS-Protection:"0", Cache-Control:"no-cache, no-store, max-age=0, must-revalidate", Pragma:"no-cache", Expires:"0", X-Frame-Options:"DENY"]
     Content type = null
             Body = 
    Forwarded URL = null
   Redirected URL = null
          Cookies = []
]]></system-out>
  <system-err><![CDATA[]]></system-err>
</testsuite>
