<?xml version="1.0" encoding="UTF-8"?>
<testsuite name="com.company.cardatabase.CardatabaseApplicationTests" tests="1" skipped="0" failures="0" errors="0" timestamp="2025-02-10T14:47:25" hostname="DESKTOP-QLK8DIJ" time="0.03">
  <properties/>
  <testcase name="First example test case" classname="com.company.cardatabase.CardatabaseApplicationTests" time="0.03"/>
  <system-out><![CDATA[2025-02-10T23:47:24.544+09:00  INFO 3924 --- [cardatabase] [    Test worker] t.c.s.AnnotationConfigContextLoaderUtils : Could not detect default configuration classes for test class [com.company.cardatabase.CardatabaseApplicationTests]: CardatabaseApplicationTests does not declare any static, non-private, non-final, nested classes annotated with @Configuration.
2025-02-10T23:47:24.545+09:00  INFO 3924 --- [cardatabase] [    Test worker] .b.t.c.SpringBootTestContextBootstrapper : Found @SpringBootConfiguration com.company.cardatabase.CardatabaseApplication for test class com.company.cardatabase.CardatabaseApplicationTests
2025-02-10T23:47:24.559+09:00  INFO 3924 --- [cardatabase] [    Test worker] c.c.c.CardatabaseApplicationTests        : Starting CardatabaseApplicationTests using Java 17.0.0.1 with PID 3924 (started by kfreeman in D:\kjw_data\sbt_data\cardatabase)
2025-02-10T23:47:24.559+09:00  INFO 3924 --- [cardatabase] [    Test worker] c.c.c.CardatabaseApplicationTests        : No active profile set, falling back to 1 default profile: "default"
2025-02-10T23:47:24.687+09:00  INFO 3924 --- [cardatabase] [    Test worker] .s.d.r.c.RepositoryConfigurationDelegate : Bootstrapping Spring Data JPA repositories in DEFAULT mode.
2025-02-10T23:47:24.697+09:00  INFO 3924 --- [cardatabase] [    Test worker] .s.d.r.c.RepositoryConfigurationDelegate : Finished Spring Data repository scanning in 8 ms. Found 3 JPA repository interfaces.
2025-02-10T23:47:24.760+09:00  INFO 3924 --- [cardatabase] [    Test worker] o.hibernate.jpa.internal.util.LogHelper  : HHH000204: Processing PersistenceUnitInfo [name: default]
2025-02-10T23:47:24.762+09:00  INFO 3924 --- [cardatabase] [    Test worker] o.h.c.internal.RegionFactoryInitiator    : HHH000026: Second-level cache disabled
2025-02-10T23:47:24.772+09:00  INFO 3924 --- [cardatabase] [    Test worker] o.s.o.j.p.SpringPersistenceUnitInfo      : No LoadTimeWeaver setup: ignoring JPA class transformer
2025-02-10T23:47:24.773+09:00  INFO 3924 --- [cardatabase] [    Test worker] com.zaxxer.hikari.HikariDataSource       : HikariPool-2 - Starting...
2025-02-10T23:47:24.785+09:00  INFO 3924 --- [cardatabase] [    Test worker] com.zaxxer.hikari.pool.HikariPool        : HikariPool-2 - Added connection com.mysql.cj.jdbc.ConnectionImpl@1b320c39
2025-02-10T23:47:24.785+09:00  INFO 3924 --- [cardatabase] [    Test worker] com.zaxxer.hikari.HikariDataSource       : HikariPool-2 - Start completed.
2025-02-10T23:47:24.787+09:00  INFO 3924 --- [cardatabase] [    Test worker] org.hibernate.orm.connections.pooling    : HHH10001005: Database info:
	Database JDBC URL [Connecting through datasource 'HikariDataSource (HikariPool-2)']
	Database driver: undefined/unknown
	Database version: 8.0.40
	Autocommit mode: undefined/unknown
	Isolation level: undefined/unknown
	Minimum pool size: undefined/unknown
	Maximum pool size: undefined/unknown
2025-02-10T23:47:24.827+09:00  INFO 3924 --- [cardatabase] [    Test worker] o.h.e.t.j.p.i.JtaPlatformInitiator       : HHH000489: No JTA platform available (set 'hibernate.transaction.jta.platform' to enable JTA platform integration)
Hibernate: 
    alter table car 
       drop 
       foreign key FK2mqqwvxtowv4vddvtsmvtiqa2
Hibernate: 
    drop table if exists app_user
Hibernate: 
    drop table if exists car
Hibernate: 
    drop table if exists owner
Hibernate: 
    create table app_user (
        id bigint not null auto_increment,
        password varchar(255) not null,
        role varchar(255) not null,
        username varchar(255) not null,
        primary key (id)
    ) engine=InnoDB
Hibernate: 
    create table car (
        mode_year integer not null,
        price integer not null,
        id bigint not null auto_increment,
        owner bigint,
        brand varchar(255),
        color varchar(255),
        model varchar(255),
        registration_number varchar(255),
        primary key (id)
    ) engine=InnoDB
Hibernate: 
    create table owner (
        ownerid bigint not null auto_increment,
        firstname varchar(255),
        lastname varchar(255),
        primary key (ownerid)
    ) engine=InnoDB
Hibernate: 
    alter table app_user 
       add constraint UK3k4cplvh82srueuttfkwnylq0 unique (username)
Hibernate: 
    alter table car 
       add constraint FK2mqqwvxtowv4vddvtsmvtiqa2 
       foreign key (owner) 
       references owner (ownerid)
2025-02-10T23:47:24.934+09:00  INFO 3924 --- [cardatabase] [    Test worker] j.LocalContainerEntityManagerFactoryBean : Initialized JPA EntityManagerFactory for persistence unit 'default'
2025-02-10T23:47:24.967+09:00  INFO 3924 --- [cardatabase] [    Test worker] r$InitializeUserDetailsManagerConfigurer : Global AuthenticationManager configured with UserDetailsService bean with name userDetailsServiceImpl
2025-02-10T23:47:24.999+09:00  WARN 3924 --- [cardatabase] [    Test worker] JpaBaseConfiguration$JpaWebConfiguration : spring.jpa.open-in-view is enabled by default. Therefore, database queries may be performed during view rendering. Explicitly configure spring.jpa.open-in-view to disable this warning
2025-02-10T23:47:25.148+09:00  INFO 3924 --- [cardatabase] [    Test worker] o.s.v.b.OptionalValidatorFactoryBean     : Failed to set up a Bean Validation provider: jakarta.validation.NoProviderFoundException: Unable to create a Configuration, because no Jakarta Bean Validation provider could be found. Add a provider like Hibernate Validator (RI) to your classpath.
2025-02-10T23:47:25.220+09:00  INFO 3924 --- [cardatabase] [    Test worker] c.c.c.CardatabaseApplicationTests        : Started CardatabaseApplicationTests in 0.673 seconds (process running for 5.419)
Hibernate: 
    insert 
    into
        owner
        (firstname, lastname) 
    values
        (?, ?)
Hibernate: 
    insert 
    into
        owner
        (firstname, lastname) 
    values
        (?, ?)
Hibernate: 
    insert 
    into
        car
        (mode_year, brand, color, model, owner, price, registration_number) 
    values
        (?, ?, ?, ?, ?, ?, ?)
Hibernate: 
    insert 
    into
        car
        (mode_year, brand, color, model, owner, price, registration_number) 
    values
        (?, ?, ?, ?, ?, ?, ?)
Hibernate: 
    insert 
    into
        car
        (mode_year, brand, color, model, owner, price, registration_number) 
    values
        (?, ?, ?, ?, ?, ?, ?)
Hibernate: 
    select
        c1_0.id,
        c1_0.mode_year,
        c1_0.brand,
        c1_0.color,
        c1_0.model,
        c1_0.owner,
        c1_0.price,
        c1_0.registration_number 
    from
        car c1_0
2025-02-10T23:47:25.238+09:00  INFO 3924 --- [cardatabase] [    Test worker] c.c.cardatabase.CardatabaseApplication   : brand: Ford, model Mustang
2025-02-10T23:47:25.238+09:00  INFO 3924 --- [cardatabase] [    Test worker] c.c.cardatabase.CardatabaseApplication   : brand: Nissan, model Leaf
2025-02-10T23:47:25.238+09:00  INFO 3924 --- [cardatabase] [    Test worker] c.c.cardatabase.CardatabaseApplication   : brand: Toyota, model Prius
Hibernate: 
    insert 
    into
        app_user
        (password, role, username) 
    values
        (?, ?, ?)
Hibernate: 
    insert 
    into
        app_user
        (password, role, username) 
    values
        (?, ?, ?)
]]></system-out>
  <system-err><![CDATA[]]></system-err>
</testsuite>
